[ 2018-07-03T14:20:55+08:00 ] 119.123.172.169 /nc.php
INFO: [ app_init ] --START--
INFO: Run Behavior\BuildLiteBehavior [ RunTime:0.000000s ]
INFO: [ app_init ] --END-- [ RunTime:0.000000s ]
INFO: [ app_begin ] --START--
INFO: Run Behavior\ReadHtmlCacheBehavior [ RunTime:0.000000s ]
INFO: Run Common\Behavior\CheckLangBehavior [ RunTime:0.008789s ]
NOTIC: [8] Constant LANG_SET already defined D:\phpStudy\WWW\vspay\ThinkPHP\Library\Behavior\CheckLangBehavior.class.php 第 55 行.
INFO: Run Behavior\CheckLangBehavior [ RunTime:0.003907s ]
INFO: [ app_begin ] --END-- [ RunTime:0.012696s ]

[ 2018-07-03T14:20:55+08:00 ] 119.123.172.169 /nc.php?s=/Public/login.html
INFO: [ app_init ] --START--
INFO: Run Behavior\BuildLiteBehavior [ RunTime:0.000000s ]
INFO: [ app_init ] --END-- [ RunTime:0.000000s ]
INFO: [ app_begin ] --START--
INFO: Run Behavior\ReadHtmlCacheBehavior [ RunTime:0.000000s ]
INFO: Run Common\Behavior\CheckLangBehavior [ RunTime:0.013672s ]
NOTIC: [8] Constant LANG_SET already defined D:\phpStudy\WWW\vspay\ThinkPHP\Library\Behavior\CheckLangBehavior.class.php 第 55 行.
INFO: Run Behavior\CheckLangBehavior [ RunTime:0.006836s ]
INFO: [ app_begin ] --END-- [ RunTime:0.022461s ]
SQL: SHOW COLUMNS FROM `ncconfig` [ RunTime:0.0078s ]
SQL: SELECT * FROM `ncconfig`  [ RunTime:0.0039s ]
INFO: [ view_parse ] --START--
INFO: [ template_filter ] --START--
INFO: Run Behavior\ContentReplaceBehavior [ RunTime:0.000000s ]
INFO: [ template_filter ] --END-- [ RunTime:0.000976s ]
INFO: Run Behavior\ParseTemplateBehavior [ RunTime:0.024414s ]
INFO: [ view_parse ] --END-- [ RunTime:0.024414s ]
INFO: [ view_filter ] --START--
INFO: Run Behavior\WriteHtmlCacheBehavior [ RunTime:0.000000s ]
INFO: [ view_filter ] --END-- [ RunTime:0.000000s ]
INFO: [ app_end ] --START--
INFO: Run Behavior\ShowPageTraceBehavior [ RunTime:0.002930s ]
INFO: [ app_end ] --END-- [ RunTime:0.002930s ]

[ 2018-07-03T14:21:07+08:00 ] 119.123.172.169 /nc.php?s=/Public/login.html
INFO: [ app_init ] --START--
INFO: Run Behavior\BuildLiteBehavior [ RunTime:0.000000s ]
INFO: [ app_init ] --END-- [ RunTime:0.000000s ]
INFO: [ app_begin ] --START--
INFO: Run Behavior\ReadHtmlCacheBehavior [ RunTime:0.000976s ]
INFO: Run Common\Behavior\CheckLangBehavior [ RunTime:0.002930s ]
NOTIC: [8] Constant LANG_SET already defined D:\phpStudy\WWW\vspay\ThinkPHP\Library\Behavior\CheckLangBehavior.class.php 第 55 行.
INFO: Run Behavior\CheckLangBehavior [ RunTime:0.012695s ]
INFO: [ app_begin ] --END-- [ RunTime:0.016601s ]
SQL: SHOW COLUMNS FROM `nc_admin` [ RunTime:0.0029s ]
SQL: SELECT * FROM `nc_admin` WHERE `a_uname` = 'admin' LIMIT 1   [ RunTime:0.0010s ]
SQL: SHOW COLUMNS FROM `nc_admin` [ RunTime:0.0117s ]
SQL: UPDATE `nc_admin` SET `a_last_login_time`='1530598867',`a_login_count`=a_login_count+1,`a_last_login_ip`='119.123.172.169' WHERE `a_id` = 1 [ RunTime:0.0020s ]
SQL: SHOW COLUMNS FROM `ysk_user_action` [ RunTime:0.0107s ]
SQL: INSERT INTO `ysk_user_action` (`type`,`user_id`,`uname`,`add_time`,`info`) VALUES ('后台系统用户','1','admin','2018-07-03 14:21:07','登录了后台系统') [ RunTime:0.0059s ]

[ 2018-07-03T14:21:08+08:00 ] 119.123.172.169 /nc.php?s=/Index/index.html
INFO: [ app_init ] --START--
INFO: Run Behavior\BuildLiteBehavior [ RunTime:0.000000s ]
INFO: [ app_init ] --END-- [ RunTime:0.000977s ]
INFO: [ app_begin ] --START--
INFO: Run Behavior\ReadHtmlCacheBehavior [ RunTime:0.000976s ]
INFO: Run Common\Behavior\CheckLangBehavior [ RunTime:0.007813s ]
NOTIC: [8] Constant LANG_SET already defined D:\phpStudy\WWW\vspay\ThinkPHP\Library\Behavior\CheckLangBehavior.class.php 第 55 行.
INFO: Run Behavior\CheckLangBehavior [ RunTime:0.008789s ]
INFO: [ app_begin ] --END-- [ RunTime:0.018554s ]
SQL: SHOW COLUMNS FROM `ysk_order` [ RunTime:0.0059s ]
SQL: SELECT COUNT(1) AS tp_count FROM `ysk_order` WHERE `time` BETWEEN null AND null AND `status` = 1 LIMIT 1   [ RunTime:0.0020s ]
SQL: SHOW COLUMNS FROM `ysk_member` [ RunTime:0.0039s ]
SQL: SELECT COUNT(1) AS tp_count FROM `ysk_member` WHERE `create_time` BETWEEN null AND null LIMIT 1   [ RunTime:0.0020s ]
INFO: [ view_parse ] --START--
INFO: [ template_filter ] --START--
INFO: Run Behavior\ContentReplaceBehavior [ RunTime:0.000000s ]
INFO: [ template_filter ] --END-- [ RunTime:0.000000s ]
SQL: SHOW COLUMNS FROM `nc_menu` [ RunTime:0.0107s ]
SQL: SELECT * FROM `nc_menu` ORDER BY sort_order  [ RunTime:0.0010s ]
INFO: [ view_parse ] --START--
INFO: [ template_filter ] --START--
INFO: Run Behavior\ContentReplaceBehavior [ RunTime:0.000000s ]
INFO: [ template_filter ] --END-- [ RunTime:-0.035156s ]
INFO: Run Behavior\ParseTemplateBehavior [ RunTime:0.016601s ]
INFO: [ view_parse ] --END-- [ RunTime:0.016601s ]
INFO: [ view_filter ] --START--
INFO: Run Behavior\WriteHtmlCacheBehavior [ RunTime:0.000000s ]
INFO: [ view_filter ] --END-- [ RunTime:0.000000s ]
INFO: Run Behavior\ParseTemplateBehavior [ RunTime:0.016601s ]
INFO: [ view_parse ] --END-- [ RunTime:0.016601s ]
INFO: [ view_filter ] --START--
INFO: Run Behavior\WriteHtmlCacheBehavior [ RunTime:0.000000s ]
INFO: [ view_filter ] --END-- [ RunTime:0.000000s ]
INFO: [ app_end ] --START--
INFO: Run Behavior\ShowPageTraceBehavior [ RunTime:0.003906s ]
INFO: [ app_end ] --END-- [ RunTime:0.004883s ]

[ 2018-07-03T14:21:41+08:00 ] 119.123.172.169 /nc.php?s=/Goods/dianpu
INFO: [ app_init ] --START--
INFO: Run Behavior\BuildLiteBehavior [ RunTime:0.000000s ]
INFO: [ app_init ] --END-- [ RunTime:0.001953s ]
INFO: [ app_begin ] --START--
INFO: Run Behavior\ReadHtmlCacheBehavior [ RunTime:0.001953s ]
INFO: Run Common\Behavior\CheckLangBehavior [ RunTime:0.006836s ]
NOTIC: [8] Constant LANG_SET already defined D:\phpStudy\WWW\vspay\ThinkPHP\Library\Behavior\CheckLangBehavior.class.php 第 55 行.
INFO: Run Behavior\CheckLangBehavior [ RunTime:0.002930s ]
INFO: [ app_begin ] --END-- [ RunTime:0.012695s ]
SQL: SHOW COLUMNS FROM `ysk_product_cate` [ RunTime:0.0029s ]
SQL: SELECT * FROM `ysk_product_cate`  [ RunTime:0.0029s ]
SQL: SELECT COUNT(*) AS tp_count FROM `ysk_product_cate` WHERE `pid` = 5 LIMIT 1   [ RunTime:0.0010s ]
SQL: SELECT COUNT(*) AS tp_count FROM `ysk_product_cate` WHERE `pid` = 8 LIMIT 1   [ RunTime:0.0010s ]
SQL: SELECT COUNT(*) AS tp_count FROM `ysk_product_cate` WHERE `pid` = 15 LIMIT 1   [ RunTime:0.0000s ]
SQL: SELECT COUNT(*) AS tp_count FROM `ysk_product_cate` WHERE `pid` = 16 LIMIT 1   [ RunTime:0.0010s ]
SQL: SELECT COUNT(*) AS tp_count FROM `ysk_product_cate` WHERE `pid` = 22 LIMIT 1   [ RunTime:0.0000s ]
SQL: SELECT COUNT(*) AS tp_count FROM `ysk_product_cate` WHERE `pid` = 23 LIMIT 1   [ RunTime:0.0029s ]
SQL: SELECT COUNT(*) AS tp_count FROM `ysk_product_cate` WHERE `pid` = 24 LIMIT 1   [ RunTime:0.0010s ]
SQL: SELECT COUNT(*) AS tp_count FROM `ysk_product_cate` WHERE `pid` = 25 LIMIT 1   [ RunTime:0.0000s ]
SQL: SELECT COUNT(*) AS tp_count FROM `ysk_product_cate` WHERE `pid` = 35 LIMIT 1   [ RunTime:0.0000s ]
SQL: SELECT COUNT(*) AS tp_count FROM `ysk_product_cate` WHERE `pid` = 36 LIMIT 1   [ RunTime:0.0000s ]
SQL: SHOW COLUMNS FROM `ysk_gerenshangpu` [ RunTime:0.0039s ]
SQL: SELECT * FROM `ysk_gerenshangpu` WHERE `id` = 1 LIMIT 1   [ RunTime:0.0000s ]
INFO: [ view_parse ] --START--
INFO: [ template_filter ] --START--
INFO: Run Behavior\ContentReplaceBehavior [ RunTime:0.000000s ]
INFO: [ template_filter ] --END-- [ RunTime:0.000000s ]
SQL: SHOW COLUMNS FROM `nc_menu` [ RunTime:0.0098s ]
SQL: SELECT * FROM `nc_menu` ORDER BY sort_order  [ RunTime:0.0029s ]
INFO: [ view_parse ] --START--
INFO: [ template_filter ] --START--
INFO: Run Behavior\ContentReplaceBehavior [ RunTime:0.000000s ]
INFO: [ template_filter ] --END-- [ RunTime:-0.035156s ]
INFO: Run Behavior\ParseTemplateBehavior [ RunTime:0.007812s ]
INFO: [ view_parse ] --END-- [ RunTime:0.007812s ]
INFO: [ view_filter ] --START--
INFO: Run Behavior\WriteHtmlCacheBehavior [ RunTime:0.000000s ]
INFO: [ view_filter ] --END-- [ RunTime:0.000000s ]
SQL: SELECT * FROM `ysk_product_cate` WHERE `type` = 8 LIMIT 1   [ RunTime:0.0059s ]
NOTIC: [8] Undefined index: shop_Vpay D:\phpStudy\WWW\vspay\Runtime\Cache\SAdmin\887865a99a3226fec45fd8d30a765d78.php 第 234 行.
NOTIC: [8] Undefined index: csize D:\phpStudy\WWW\vspay\Runtime\Cache\SAdmin\887865a99a3226fec45fd8d30a765d78.php 第 291 行.
NOTIC: [8] Undefined index: color_cate D:\phpStudy\WWW\vspay\Runtime\Cache\SAdmin\887865a99a3226fec45fd8d30a765d78.php 第 301 行.
NOTIC: [8] Undefined index: stock D:\phpStudy\WWW\vspay\Runtime\Cache\SAdmin\887865a99a3226fec45fd8d30a765d78.php 第 311 行.
NOTIC: [8] Undefined variable: option_row D:\phpStudy\WWW\vspay\Runtime\Cache\SAdmin\887865a99a3226fec45fd8d30a765d78.php 第 414 行.
NOTIC: [8] Undefined variable: button_option_value_add D:\phpStudy\WWW\vspay\Runtime\Cache\SAdmin\887865a99a3226fec45fd8d30a765d78.php 第 475 行.
NOTIC: [8] Undefined variable: option_value_row D:\phpStudy\WWW\vspay\Runtime\Cache\SAdmin\887865a99a3226fec45fd8d30a765d78.php 第 501 行.
NOTIC: [8] Undefined variable: entry_price D:\phpStudy\WWW\vspay\Runtime\Cache\SAdmin\887865a99a3226fec45fd8d30a765d78.php 第 525 行.
NOTIC: [8] Undefined variable: entry_weight D:\phpStudy\WWW\vspay\Runtime\Cache\SAdmin\887865a99a3226fec45fd8d30a765d78.php 第 531 行.
NOTIC: [8] Undefined variable: button_remove D:\phpStudy\WWW\vspay\Runtime\Cache\SAdmin\887865a99a3226fec45fd8d30a765d78.php 第 534 行.
NOTIC: [8] Undefined variable: image_row D:\phpStudy\WWW\vspay\Runtime\Cache\SAdmin\887865a99a3226fec45fd8d30a765d78.php 第 570 行.
INFO: Run Behavior\ParseTemplateBehavior [ RunTime:0.018554s ]
INFO: [ view_parse ] --END-- [ RunTime:0.007812s ]
INFO: [ view_filter ] --START--
INFO: Run Behavior\WriteHtmlCacheBehavior [ RunTime:0.000000s ]
INFO: [ view_filter ] --END-- [ RunTime:-0.010742s ]
INFO: [ app_end ] --START--
INFO: Run Behavior\ShowPageTraceBehavior [ RunTime:0.012696s ]
INFO: [ app_end ] --END-- [ RunTime:0.012696s ]

[ 2018-07-03T14:21:50+08:00 ] 119.123.172.169 /nc.php?s=/Goods/dianpu
INFO: [ app_init ] --START--
INFO: Run Behavior\BuildLiteBehavior [ RunTime:0.000000s ]
INFO: [ app_init ] --END-- [ RunTime:0.000000s ]
INFO: [ app_begin ] --START--
INFO: Run Behavior\ReadHtmlCacheBehavior [ RunTime:0.000977s ]
INFO: Run Common\Behavior\CheckLangBehavior [ RunTime:0.011719s ]
NOTIC: [8] Constant LANG_SET already defined D:\phpStudy\WWW\vspay\ThinkPHP\Library\Behavior\CheckLangBehavior.class.php 第 55 行.
INFO: Run Behavior\CheckLangBehavior [ RunTime:0.001953s ]
INFO: [ app_begin ] --END-- [ RunTime:0.014649s ]
SQL: SHOW COLUMNS FROM `ysk_product_cate` [ RunTime:0.0107s ]
SQL: SELECT * FROM `ysk_product_cate`  [ RunTime:0.0010s ]
SQL: SELECT COUNT(*) AS tp_count FROM `ysk_product_cate` WHERE `pid` = 5 LIMIT 1   [ RunTime:0.0010s ]
SQL: SELECT COUNT(*) AS tp_count FROM `ysk_product_cate` WHERE `pid` = 8 LIMIT 1   [ RunTime:0.0000s ]
SQL: SELECT COUNT(*) AS tp_count FROM `ysk_product_cate` WHERE `pid` = 15 LIMIT 1   [ RunTime:0.0000s ]
SQL: SELECT COUNT(*) AS tp_count FROM `ysk_product_cate` WHERE `pid` = 16 LIMIT 1   [ RunTime:0.0000s ]
SQL: SELECT COUNT(*) AS tp_count FROM `ysk_product_cate` WHERE `pid` = 22 LIMIT 1   [ RunTime:0.0000s ]
SQL: SELECT COUNT(*) AS tp_count FROM `ysk_product_cate` WHERE `pid` = 23 LIMIT 1   [ RunTime:0.0010s ]
SQL: SELECT COUNT(*) AS tp_count FROM `ysk_product_cate` WHERE `pid` = 24 LIMIT 1   [ RunTime:0.0000s ]
SQL: SELECT COUNT(*) AS tp_count FROM `ysk_product_cate` WHERE `pid` = 25 LIMIT 1   [ RunTime:0.0000s ]
SQL: SELECT COUNT(*) AS tp_count FROM `ysk_product_cate` WHERE `pid` = 35 LIMIT 1   [ RunTime:0.0000s ]
SQL: SELECT COUNT(*) AS tp_count FROM `ysk_product_cate` WHERE `pid` = 36 LIMIT 1   [ RunTime:0.0020s ]
SQL: SHOW COLUMNS FROM `ysk_gerenshangpu` [ RunTime:0.0020s ]
SQL: SELECT * FROM `ysk_gerenshangpu` WHERE `id` = 1 LIMIT 1   [ RunTime:0.0000s ]
INFO: [ view_parse ] --START--
INFO: [ template_filter ] --START--
INFO: Run Behavior\ContentReplaceBehavior [ RunTime:0.000000s ]
INFO: [ template_filter ] --END-- [ RunTime:0.000000s ]
SQL: SHOW COLUMNS FROM `nc_menu` [ RunTime:0.0098s ]
SQL: SELECT * FROM `nc_menu` ORDER BY sort_order  [ RunTime:0.0010s ]
INFO: [ view_parse ] --START--
INFO: [ template_filter ] --START--
INFO: Run Behavior\ContentReplaceBehavior [ RunTime:0.000000s ]
INFO: [ template_filter ] --END-- [ RunTime:-0.024414s ]
INFO: Run Behavior\ParseTemplateBehavior [ RunTime:0.012695s ]
INFO: [ view_parse ] --END-- [ RunTime:0.012695s ]
INFO: [ view_filter ] --START--
INFO: Run Behavior\WriteHtmlCacheBehavior [ RunTime:0.000000s ]
INFO: [ view_filter ] --END-- [ RunTime:0.000000s ]
SQL: SELECT * FROM `ysk_product_cate` WHERE `type` = 8 LIMIT 1   [ RunTime:0.0010s ]
NOTIC: [8] Undefined index: shop_Vpay D:\phpStudy\WWW\vspay\Runtime\Cache\SAdmin\887865a99a3226fec45fd8d30a765d78.php 第 234 行.
NOTIC: [8] Undefined index: csize D:\phpStudy\WWW\vspay\Runtime\Cache\SAdmin\887865a99a3226fec45fd8d30a765d78.php 第 291 行.
NOTIC: [8] Undefined index: color_cate D:\phpStudy\WWW\vspay\Runtime\Cache\SAdmin\887865a99a3226fec45fd8d30a765d78.php 第 301 行.
NOTIC: [8] Undefined index: stock D:\phpStudy\WWW\vspay\Runtime\Cache\SAdmin\887865a99a3226fec45fd8d30a765d78.php 第 311 行.
NOTIC: [8] Undefined variable: option_row D:\phpStudy\WWW\vspay\Runtime\Cache\SAdmin\887865a99a3226fec45fd8d30a765d78.php 第 414 行.
NOTIC: [8] Undefined variable: button_option_value_add D:\phpStudy\WWW\vspay\Runtime\Cache\SAdmin\887865a99a3226fec45fd8d30a765d78.php 第 475 行.
NOTIC: [8] Undefined variable: option_value_row D:\phpStudy\WWW\vspay\Runtime\Cache\SAdmin\887865a99a3226fec45fd8d30a765d78.php 第 501 行.
NOTIC: [8] Undefined variable: entry_price D:\phpStudy\WWW\vspay\Runtime\Cache\SAdmin\887865a99a3226fec45fd8d30a765d78.php 第 525 行.
NOTIC: [8] Undefined variable: entry_weight D:\phpStudy\WWW\vspay\Runtime\Cache\SAdmin\887865a99a3226fec45fd8d30a765d78.php 第 531 行.
NOTIC: [8] Undefined variable: button_remove D:\phpStudy\WWW\vspay\Runtime\Cache\SAdmin\887865a99a3226fec45fd8d30a765d78.php 第 534 行.
NOTIC: [8] Undefined variable: image_row D:\phpStudy\WWW\vspay\Runtime\Cache\SAdmin\887865a99a3226fec45fd8d30a765d78.php 第 570 行.
INFO: Run Behavior\ParseTemplateBehavior [ RunTime:0.015625s ]
INFO: [ view_parse ] --END-- [ RunTime:0.012695s ]
INFO: [ view_filter ] --START--
INFO: Run Behavior\WriteHtmlCacheBehavior [ RunTime:0.000000s ]
INFO: [ view_filter ] --END-- [ RunTime:-0.002930s ]
INFO: [ app_end ] --START--
INFO: Run Behavior\ShowPageTraceBehavior [ RunTime:0.000976s ]
INFO: [ app_end ] --END-- [ RunTime:0.000976s ]

[ 2018-07-03T14:21:52+08:00 ] 119.123.172.169 /nc.php?s=/Goods/cate
INFO: [ app_init ] --START--
INFO: Run Behavior\BuildLiteBehavior [ RunTime:0.000000s ]
INFO: [ app_init ] --END-- [ RunTime:0.000977s ]
INFO: [ app_begin ] --START--
INFO: Run Behavior\ReadHtmlCacheBehavior [ RunTime:0.005859s ]
INFO: Run Common\Behavior\CheckLangBehavior [ RunTime:0.001953s ]
NOTIC: [8] Constant LANG_SET already defined D:\phpStudy\WWW\vspay\ThinkPHP\Library\Behavior\CheckLangBehavior.class.php 第 55 行.
INFO: Run Behavior\CheckLangBehavior [ RunTime:0.002930s ]
INFO: [ app_begin ] --END-- [ RunTime:0.011719s ]
SQL: SHOW COLUMNS FROM `ysk_product_cate` [ RunTime:0.0068s ]
SQL: SELECT * FROM `ysk_product_cate` WHERE `pid` = 0 ORDER BY sort desc  [ RunTime:0.0059s ]
SQL: SELECT * FROM `ysk_product_cate` WHERE `pid` = 5  [ RunTime:0.0039s ]
SQL: SELECT * FROM `ysk_product_cate` WHERE `pid` = 8  [ RunTime:0.0029s ]
SQL: SELECT * FROM `ysk_product_cate` WHERE `pid` = 15  [ RunTime:0.0000s ]
SQL: SELECT * FROM `ysk_product_cate` WHERE `pid` = 16  [ RunTime:0.0010s ]
SQL: SELECT * FROM `ysk_product_cate` WHERE `pid` = 22  [ RunTime:0.0029s ]
SQL: SELECT * FROM `ysk_product_cate` WHERE `pid` = 23  [ RunTime:0.0000s ]
SQL: SELECT * FROM `ysk_product_cate` WHERE `pid` = 24  [ RunTime:0.0000s ]
SQL: SELECT * FROM `ysk_product_cate` WHERE `pid` = 25  [ RunTime:0.0010s ]
SQL: SELECT * FROM `ysk_product_cate` WHERE `pid` = 35  [ RunTime:0.0039s ]
SQL: SELECT * FROM `ysk_product_cate` WHERE `pid` = 36  [ RunTime:0.0000s ]
INFO: [ view_parse ] --START--
INFO: [ template_filter ] --START--
INFO: Run Behavior\ContentReplaceBehavior [ RunTime:0.001953s ]
INFO: [ template_filter ] --END-- [ RunTime:0.001953s ]
SQL: SHOW COLUMNS FROM `nc_menu` [ RunTime:0.0195s ]
SQL: SELECT * FROM `nc_menu` ORDER BY sort_order  [ RunTime:0.0010s ]
INFO: [ view_parse ] --START--
INFO: [ template_filter ] --START--
INFO: Run Behavior\ContentReplaceBehavior [ RunTime:0.000976s ]
INFO: [ template_filter ] --END-- [ RunTime:-0.041016s ]
INFO: Run Behavior\ParseTemplateBehavior [ RunTime:0.016602s ]
INFO: [ view_parse ] --END-- [ RunTime:0.017578s ]
INFO: [ view_filter ] --START--
INFO: Run Behavior\WriteHtmlCacheBehavior [ RunTime:0.000976s ]
INFO: [ view_filter ] --END-- [ RunTime:0.000976s ]
NOTIC: [8] Undefined variable: page D:\phpStudy\WWW\vspay\Runtime\Cache\SAdmin\eec4e1a625f6c1b707cd7f23df021551.php 第 209 行.
INFO: Run Behavior\ParseTemplateBehavior [ RunTime:0.020508s ]
INFO: [ view_parse ] --END-- [ RunTime:0.017578s ]
INFO: [ view_filter ] --START--
INFO: Run Behavior\WriteHtmlCacheBehavior [ RunTime:0.000000s ]
INFO: [ view_filter ] --END-- [ RunTime:-0.002930s ]
INFO: [ app_end ] --START--
INFO: Run Behavior\ShowPageTraceBehavior [ RunTime:0.000977s ]
INFO: [ app_end ] --END-- [ RunTime:0.001953s ]

[ 2018-07-03T14:21:56+08:00 ] 119.123.172.169 /nc.php?s=/Goods/index
INFO: [ app_init ] --START--
INFO: Run Behavior\BuildLiteBehavior [ RunTime:0.000000s ]
INFO: [ app_init ] --END-- [ RunTime:0.000976s ]
INFO: [ app_begin ] --START--
INFO: Run Behavior\ReadHtmlCacheBehavior [ RunTime:0.000976s ]
INFO: Run Common\Behavior\CheckLangBehavior [ RunTime:0.001954s ]
NOTIC: [8] Constant LANG_SET already defined D:\phpStudy\WWW\vspay\ThinkPHP\Library\Behavior\CheckLangBehavior.class.php 第 55 行.
INFO: Run Behavior\CheckLangBehavior [ RunTime:0.008789s ]
INFO: [ app_begin ] --END-- [ RunTime:0.011719s ]
SQL: SHOW COLUMNS FROM `ysk_goods` [ RunTime:0.0029s ]
SQL: SELECT pd.id,pd.type_id,pd.name,pd.price,pd.pic,pd.status,pd.shangjia,pd.stock,pd.ctime,pc.id as cid,pc.name as cname FROM ysk_product_detail pd,ysk_product_cate pc WHERE pd.type_id=pc.id and pd.is_duobao=1 [ RunTime:0.0029s ]
SQL: SELECT pd.id,pd.type_id,pd.name,pd.price,pd.pic,pd.status,pd.shangjia,pd.stock,pd.ctime,pc.id as cid,pc.name as cname FROM ysk_product_detail pd,ysk_product_cate pc WHERE pd.type_id=pc.id and pd.is_duobao=1 order by pd.status desc,pd.ctime desc LIMIT 0,10 [ RunTime:0.0117s ]
SQL: SHOW COLUMNS FROM `ysk_product_cate` [ RunTime:0.0029s ]
SQL: SELECT * FROM `ysk_product_cate`  [ RunTime:0.0000s ]
INFO: [ view_parse ] --START--
INFO: [ template_filter ] --START--
INFO: Run Behavior\ContentReplaceBehavior [ RunTime:0.000000s ]
INFO: [ template_filter ] --END-- [ RunTime:0.000000s ]
SQL: SHOW COLUMNS FROM `nc_menu` [ RunTime:0.0098s ]
SQL: SELECT * FROM `nc_menu` ORDER BY sort_order  [ RunTime:0.0000s ]
INFO: [ view_parse ] --START--
INFO: [ template_filter ] --START--
INFO: Run Behavior\ContentReplaceBehavior [ RunTime:0.000000s ]
INFO: [ template_filter ] --END-- [ RunTime:-0.027344s ]
INFO: Run Behavior\ParseTemplateBehavior [ RunTime:0.007812s ]
INFO: [ view_parse ] --END-- [ RunTime:0.007812s ]
INFO: [ view_filter ] --START--
INFO: Run Behavior\WriteHtmlCacheBehavior [ RunTime:0.003907s ]
INFO: [ view_filter ] --END-- [ RunTime:0.004883s ]
SQL: SHOW COLUMNS FROM `ysk_product_detail` [ RunTime:0.0068s ]
SQL: SELECT * FROM `ysk_product_detail` WHERE `id` = 181 LIMIT 1   [ RunTime:0.0000s ]
SQL: SHOW COLUMNS FROM `ysk_gerenshangpu` [ RunTime:0.0039s ]
SQL: SELECT * FROM `ysk_gerenshangpu` WHERE `userid` = 8545 LIMIT 1   [ RunTime:0.0020s ]
SQL: SELECT * FROM `ysk_product_detail` WHERE `id` = 180 LIMIT 1   [ RunTime:0.0000s ]
SQL: SELECT * FROM `ysk_gerenshangpu` WHERE `userid` = 4125 LIMIT 1   [ RunTime:0.0020s ]
SQL: SELECT * FROM `ysk_product_detail` WHERE `id` = 177 LIMIT 1   [ RunTime:0.0000s ]
SQL: SELECT * FROM `ysk_gerenshangpu` WHERE `userid` = 8539 LIMIT 1   [ RunTime:0.0039s ]
SQL: SELECT * FROM `ysk_product_detail` WHERE `id` = 176 LIMIT 1   [ RunTime:0.0010s ]
SQL: SELECT * FROM `ysk_gerenshangpu` WHERE `userid` = 4125 LIMIT 1   [ RunTime:0.0010s ]
SQL: SELECT * FROM `ysk_product_detail` WHERE `id` = 175 LIMIT 1   [ RunTime:0.0020s ]
SQL: SELECT * FROM `ysk_gerenshangpu` WHERE `userid` = 1715 LIMIT 1   [ RunTime:0.0000s ]
SQL: SELECT * FROM `ysk_product_detail` WHERE `id` = 174 LIMIT 1   [ RunTime:0.0010s ]
SQL: SELECT * FROM `ysk_gerenshangpu` WHERE `userid` = 1710 LIMIT 1   [ RunTime:0.0020s ]
SQL: SELECT * FROM `ysk_product_detail` WHERE `id` = 166 LIMIT 1   [ RunTime:0.0000s ]
SQL: SELECT * FROM `ysk_gerenshangpu` WHERE `userid` = 1745 LIMIT 1   [ RunTime:0.0020s ]
SQL: SELECT * FROM `ysk_product_detail` WHERE `id` = 169 LIMIT 1   [ RunTime:0.0000s ]
SQL: SELECT * FROM `ysk_gerenshangpu` WHERE `userid` = 0 LIMIT 1   [ RunTime:0.0010s ]
SQL: SELECT * FROM `ysk_product_detail` WHERE `id` = 168 LIMIT 1   [ RunTime:0.0010s ]
SQL: SELECT * FROM `ysk_gerenshangpu` WHERE `userid` = 0 LIMIT 1   [ RunTime:0.0000s ]
SQL: SELECT * FROM `ysk_product_detail` WHERE `id` = 167 LIMIT 1   [ RunTime:0.0039s ]
SQL: SELECT * FROM `ysk_gerenshangpu` WHERE `userid` = 0 LIMIT 1   [ RunTime:0.0020s ]
INFO: Run Behavior\ParseTemplateBehavior [ RunTime:0.059570s ]
INFO: [ view_parse ] --END-- [ RunTime:0.007812s ]
INFO: [ view_filter ] --START--
INFO: Run Behavior\WriteHtmlCacheBehavior [ RunTime:0.000000s ]
INFO: [ view_filter ] --END-- [ RunTime:-0.046875s ]
INFO: [ app_end ] --START--
INFO: Run Behavior\ShowPageTraceBehavior [ RunTime:0.003906s ]
INFO: [ app_end ] --END-- [ RunTime:0.003906s ]

[ 2018-07-03T14:25:47+08:00 ] 119.123.172.169 /nc.php?s=/Public/login.html
INFO: [ app_init ] --START--
INFO: Run Behavior\BuildLiteBehavior [ RunTime:0.000000s ]
INFO: [ app_init ] --END-- [ RunTime:0.000000s ]
INFO: [ app_begin ] --START--
INFO: Run Behavior\ReadHtmlCacheBehavior [ RunTime:0.000000s ]
INFO: Run Common\Behavior\CheckLangBehavior [ RunTime:0.002930s ]
NOTIC: [8] Constant LANG_SET already defined D:\phpStudy\WWW\vspay\ThinkPHP\Library\Behavior\CheckLangBehavior.class.php 第 55 行.
INFO: Run Behavior\CheckLangBehavior [ RunTime:0.007812s ]
INFO: [ app_begin ] --END-- [ RunTime:0.011718s ]
INFO: [ view_parse ] --START--
INFO: [ template_filter ] --START--
INFO: Run Behavior\ContentReplaceBehavior [ RunTime:0.000000s ]
INFO: [ template_filter ] --END-- [ RunTime:0.000976s ]
INFO: Run Behavior\ParseTemplateBehavior [ RunTime:0.019531s ]
INFO: [ view_parse ] --END-- [ RunTime:0.019531s ]
INFO: [ view_filter ] --START--
INFO: Run Behavior\WriteHtmlCacheBehavior [ RunTime:0.002930s ]
INFO: [ view_filter ] --END-- [ RunTime:0.002930s ]
INFO: [ app_end ] --START--
INFO: Run Behavior\ShowPageTraceBehavior [ RunTime:0.002930s ]
INFO: [ app_end ] --END-- [ RunTime:0.002930s ]

